i:\我的项目\组件\tgdi\project\releasemindependency\tgdi.bsc
i:\我的项目\组件\tgdi\project\releasemindependency\tgdi.pch
i:\我的项目\组件\tgdi\project\releasemindependency\vc142.pdb
i:\我的项目\组件\tgdi\project\releasemindependency\stdafx.sbr
i:\我的项目\组件\tgdi\project\releasemindependency\stdafx.obj
i:\我的项目\组件\tgdi\project\releasemindependency\tgdi.sbr
i:\我的项目\组件\tgdi\project\releasemindependency\win32gdi.sbr
i:\我的项目\组件\tgdi\project\releasemindependency\win32gdip.sbr
i:\我的项目\组件\tgdi\project\releasemindependency\wingdi.sbr
i:\我的项目\组件\tgdi\project\releasemindependency\wingdip.sbr
i:\我的项目\组件\tgdi\project\releasemindependency\wingdip.obj
i:\我的项目\组件\tgdi\project\releasemindependency\wingdi.obj
i:\我的项目\组件\tgdi\project\releasemindependency\win32gdip.obj
i:\我的项目\组件\tgdi\project\releasemindependency\win32gdi.obj
i:\我的项目\组件\tgdi\project\releasemindependency\tgdi.obj
i:\我的项目\组件\tgdi\project\releasemindependency\regsvr32.trg
i:\我的项目\组件\tgdi\project\releasemindependency\tgdi.dll
i:\我的项目\组件\tgdi\project\releasemindependency\tgdi.pdb
i:\我的项目\组件\tgdi\project\tgdi.tlb
i:\我的项目\组件\tgdi\project\tgdi_p.c
i:\我的项目\组件\tgdi\project\tgdi_i.c
i:\我的项目\组件\tgdi\project\tgdi.h
i:\我的项目\组件\tgdi\project\releasemindependency\tgdi.res
i:\我的项目\组件\tgdi\project\releasemindependency\tgdi.lib
i:\我的项目\组件\tgdi\project\releasemindependency\tgdi.exp
i:\我的项目\组件\tgdi\project\.\releasemindependency\tgdi.dll
i:\我的项目\组件\tgdi\project\releasemindependency\tgdi.tlog\bscmake.command.1.tlog
i:\我的项目\组件\tgdi\project\releasemindependency\tgdi.tlog\bscmake.read.1.tlog
i:\我的项目\组件\tgdi\project\releasemindependency\tgdi.tlog\bscmake.write.1.tlog
i:\我的项目\组件\tgdi\project\releasemindependency\tgdi.tlog\cl.command.1.tlog
i:\我的项目\组件\tgdi\project\releasemindependency\tgdi.tlog\cl.read.1.tlog
i:\我的项目\组件\tgdi\project\releasemindependency\tgdi.tlog\cl.write.1.tlog
i:\我的项目\组件\tgdi\project\releasemindependency\tgdi.tlog\custombuildstep.read.1u.tlog
i:\我的项目\组件\tgdi\project\releasemindependency\tgdi.tlog\custombuildstep.write.1u.tlog
i:\我的项目\组件\tgdi\project\releasemindependency\tgdi.tlog\link.command.1.tlog
i:\我的项目\组件\tgdi\project\releasemindependency\tgdi.tlog\link.delete.1.tlog
i:\我的项目\组件\tgdi\project\releasemindependency\tgdi.tlog\link.read.1.tlog
i:\我的项目\组件\tgdi\project\releasemindependency\tgdi.tlog\link.write.1.tlog
i:\我的项目\组件\tgdi\project\releasemindependency\tgdi.tlog\midl.command.1.tlog
i:\我的项目\组件\tgdi\project\releasemindependency\tgdi.tlog\midl.read.1.tlog
i:\我的项目\组件\tgdi\project\releasemindependency\tgdi.tlog\midl.write.1.tlog
i:\我的项目\组件\tgdi\project\releasemindependency\tgdi.tlog\rc.command.1.tlog
i:\我的项目\组件\tgdi\project\releasemindependency\tgdi.tlog\rc.read.1.tlog
i:\我的项目\组件\tgdi\project\releasemindependency\tgdi.tlog\rc.write.1.tlog
i:\我的项目\组件\tgdi\project\releasemindependency\tgdi.tlog\tgdi.write.1u.tlog
